<?xml version="1.0" encoding="UTF-8"?>
<!-- Generated by org.testng.reporters.JUnitReportReporter -->
<testsuite skipped="0" hostname="DESKTOP-VI6E9QR" name="com.inetbanking.testcases.TC_LoginTest_001" tests="1" failures="0" timestamp="02 Feb 2020 10:13:10 GMT" time="4.068" errors="0">
  <testcase name="loginTest" time="4.068" classname="com.inetbanking.testcases.TC_LoginTest_001"/>
</testsuite> <!-- com.inetbanking.testcases.TC_LoginTest_001 -->
